2022.05.20 21:39:39 INFO  tracing is disabled for protocol LSP, to enable tracing of incoming and outgoing JSON messages create an empty file at /Users/zizmac/WorkSpace/Madrid/ChiselNotes/src/main/scala/chapter4/.metals/lsp.trace.json or /Users/zizmac/Library/Caches/org.scalameta.metals/lsp.trace.json[0m
2022.05.20 21:39:41 INFO  logging to file /Users/zizmac/WorkSpace/Madrid/ChiselNotes/src/main/scala/chapter4/.metals/metals.log[0m
2022.05.20 21:39:41 INFO  Started: Metals version 0.11.5 in workspace '/Users/zizmac/WorkSpace/Madrid/ChiselNotes/src/main/scala/chapter4' for client Visual Studio Code 1.67.1.[0m
2022.05.20 21:39:53 INFO  time: initialize in 11s[0m
2022.05.20 21:39:55 WARN  Flyway upgrade recommended: H2 2.1.212 is newer than this version of Flyway and support has not been tested. The latest supported version of H2 is 2.1.210.[0m
2022.05.20 21:39:56 WARN  Build server is not auto-connectable.[0m
2022.05.20 21:39:56 WARN  no build tool detected in workspace '/Users/zizmac/WorkSpace/Madrid/ChiselNotes/src/main/scala/chapter4'. The most common cause for this problem is that the editor was opened in the wrong working directory, for example if you use sbt then the workspace directory should contain build.sbt. [0m
2022.05.20 21:40:24 WARN  no build target for: /Users/zizmac/WorkSpace/Madrid/ChiselNotes/src/main/scala/chapter4/ModuleC.scala[0m
2022.05.20 21:40:25 WARN  no build target for: /Users/zizmac/WorkSpace/Madrid/ChiselNotes/src/main/scala/chapter4/ALU.scala[0m
2022.05.20 21:40:28 WARN  no build target for: /Users/zizmac/WorkSpace/Madrid/ChiselNotes/src/main/scala/chapter4/ModuleC.scala[0m
2022.05.20 21:41:10 INFO  no build target found for /Users/zizmac/WorkSpace/Madrid/ChiselNotes/src/main/scala/chapter4/ModuleC.scala. Using presentation compiler with project's scala-library version: 3.1.2[0m
May 20, 2022 9:41:11 PM org.eclipse.lsp4j.jsonrpc.RemoteEndpoint handleCancellation
WARNING: Unmatched cancel notification for request id 1
May 20, 2022 9:41:11 PM org.eclipse.lsp4j.jsonrpc.RemoteEndpoint handleCancellation
WARNING: Unmatched cancel notification for request id 5
May 20, 2022 9:41:11 PM org.eclipse.lsp4j.jsonrpc.RemoteEndpoint handleCancellation
WARNING: Unmatched cancel notification for request id 4
May 20, 2022 9:41:11 PM org.eclipse.lsp4j.jsonrpc.RemoteEndpoint handleCancellation
WARNING: Unmatched cancel notification for request id 9
May 20, 2022 9:41:12 PM org.eclipse.lsp4j.jsonrpc.RemoteEndpoint handleCancellation
WARNING: Unmatched cancel notification for request id 14
May 20, 2022 9:41:12 PM org.eclipse.lsp4j.jsonrpc.RemoteEndpoint handleCancellation
WARNING: Unmatched cancel notification for request id 15
May 20, 2022 9:41:12 PM org.eclipse.lsp4j.jsonrpc.RemoteEndpoint handleCancellation
WARNING: Unmatched cancel notification for request id 13
May 20, 2022 9:41:12 PM org.eclipse.lsp4j.jsonrpc.RemoteEndpoint handleCancellation
WARNING: Unmatched cancel notification for request id 17
May 20, 2022 9:41:12 PM org.eclipse.lsp4j.jsonrpc.RemoteEndpoint handleCancellation
WARNING: Unmatched cancel notification for request id 22
May 20, 2022 9:41:12 PM org.eclipse.lsp4j.jsonrpc.RemoteEndpoint handleCancellation
WARNING: Unmatched cancel notification for request id 30
May 20, 2022 9:41:12 PM org.eclipse.lsp4j.jsonrpc.RemoteEndpoint handleCancellation
WARNING: Unmatched cancel notification for request id 31
May 20, 2022 9:41:12 PM org.eclipse.lsp4j.jsonrpc.RemoteEndpoint handleCancellation
WARNING: Unmatched cancel notification for request id 27
May 20, 2022 9:41:12 PM org.eclipse.lsp4j.jsonrpc.RemoteEndpoint handleCancellation
WARNING: Unmatched cancel notification for request id 32
May 20, 2022 9:41:12 PM org.eclipse.lsp4j.jsonrpc.RemoteEndpoint handleCancellation
WARNING: Unmatched cancel notification for request id 34
May 20, 2022 9:41:12 PM org.eclipse.lsp4j.jsonrpc.RemoteEndpoint handleCancellation
WARNING: Unmatched cancel notification for request id 36
May 20, 2022 9:41:13 PM org.eclipse.lsp4j.jsonrpc.RemoteEndpoint handleCancellation
WARNING: Unmatched cancel notification for request id 39
May 20, 2022 9:41:13 PM org.eclipse.lsp4j.jsonrpc.RemoteEndpoint handleCancellation
WARNING: Unmatched cancel notification for request id 44
May 20, 2022 9:41:13 PM org.eclipse.lsp4j.jsonrpc.RemoteEndpoint handleCancellation
WARNING: Unmatched cancel notification for request id 10
May 20, 2022 9:41:13 PM org.eclipse.lsp4j.jsonrpc.RemoteEndpoint handleCancellation
WARNING: Unmatched cancel notification for request id 45
May 20, 2022 9:41:13 PM org.eclipse.lsp4j.jsonrpc.RemoteEndpoint handleCancellation
WARNING: Unmatched cancel notification for request id 41
May 20, 2022 9:41:13 PM org.eclipse.lsp4j.jsonrpc.RemoteEndpoint handleCancellation
WARNING: Unmatched cancel notification for request id 51
May 20, 2022 9:41:13 PM org.eclipse.lsp4j.jsonrpc.RemoteEndpoint handleCancellation
WARNING: Unmatched cancel notification for request id 52
May 20, 2022 9:41:13 PM org.eclipse.lsp4j.jsonrpc.RemoteEndpoint handleCancellation
WARNING: Unmatched cancel notification for request id 55
May 20, 2022 9:41:13 PM org.eclipse.lsp4j.jsonrpc.RemoteEndpoint handleCancellation
WARNING: Unmatched cancel notification for request id 54
2022.05.20 21:41:13 WARN  no build target for: /Users/zizmac/WorkSpace/Madrid/ChiselNotes/src/main/scala/chapter4/ModuleC.scala[0m
2022.05.20 21:41:24 INFO  time: code lens generation in 11s[0m
2022.05.20 21:41:24 INFO  time: code lens generation in 11s[0m
2022.05.20 21:41:24 INFO  time: code lens generation in 12s[0m
2022.05.20 21:41:24 INFO  time: code lens generation in 12s[0m
2022.05.20 21:41:24 INFO  time: code lens generation in 12s[0m
2022.05.20 21:41:24 INFO  time: code lens generation in 11s[0m
2022.05.20 21:41:24 INFO  time: code lens generation in 12s[0m
2022.05.20 21:41:24 INFO  time: code lens generation in 12s[0m
2022.05.20 21:41:24 INFO  time: code lens generation in 12s[0m
2022.05.20 21:41:24 INFO  time: code lens generation in 12s[0m
2022.05.20 21:41:24 INFO  time: code lens generation in 13s[0m
2022.05.20 21:41:25 INFO  time: code lens generation in 13s[0m
2022.05.20 21:41:25 INFO  time: code lens generation in 57s[0m
May 20, 2022 9:41:25 PM org.eclipse.lsp4j.jsonrpc.RemoteEndpoint handleCancellation
WARNING: Unmatched cancel notification for request id 60
May 20, 2022 9:41:25 PM org.eclipse.lsp4j.jsonrpc.RemoteEndpoint handleCancellation
WARNING: Unmatched cancel notification for request id 56
May 20, 2022 9:41:25 PM org.eclipse.lsp4j.jsonrpc.RemoteEndpoint handleCancellation
WARNING: Unmatched cancel notification for request id 57
May 20, 2022 9:41:25 PM org.eclipse.lsp4j.jsonrpc.RemoteEndpoint handleCancellation
WARNING: Unmatched cancel notification for request id 58
May 20, 2022 9:41:25 PM org.eclipse.lsp4j.jsonrpc.RemoteEndpoint handleCancellation
WARNING: Unmatched cancel notification for request id 47
2022.05.20 21:42:39 WARN  no build target for: /Users/zizmac/WorkSpace/Madrid/ChiselNotes/src/main/scala/chapter4/ModuleC.scala[0m
2022.05.20 21:45:15 WARN  no build target for: /Users/zizmac/WorkSpace/Madrid/ChiselNotes/src/main/scala/chapter4/ModuleC.scala[0m
